mag 22, 2014 3:39:53 PM org.apache.catalina.startup.Catalina initDirs
Grave: Cannot find specified temporary folder at /home/accounts/studenti/id224zzf/tomcat/temp
mag 22, 2014 3:39:54 PM org.apache.catalina.core.AprLifecycleListener init
Informazioni: The APR based Apache Tomcat Native library which allows optimal performance in production environments was not found on the java.library.path: /usr/java/packages/lib/amd64:/usr/lib64:/lib64:/lib:/usr/lib
mag 22, 2014 3:39:54 PM org.apache.tomcat.util.digester.SetPropertiesRule begin
Avvertenza: [SetPropertiesRule]{Server/Service/Engine/Host} Setting property 'xmlValidation' to 'false' did not find a matching property.
mag 22, 2014 3:39:54 PM org.apache.tomcat.util.digester.SetPropertiesRule begin
Avvertenza: [SetPropertiesRule]{Server/Service/Engine/Host} Setting property 'xmlNamespaceAware' to 'false' did not find a matching property.
mag 22, 2014 3:39:54 PM org.apache.coyote.AbstractProtocol init
Informazioni: Initializing ProtocolHandler ["http-bio-8080"]
mag 22, 2014 3:39:54 PM org.apache.coyote.AbstractProtocol init
Informazioni: Initializing ProtocolHandler ["ajp-bio-8009"]
mag 22, 2014 3:39:54 PM org.apache.catalina.startup.Catalina load
Informazioni: Initialization processed in 1527 ms
mag 22, 2014 3:39:54 PM org.apache.catalina.core.StandardService startInternal
Informazioni: Starting service Catalina
mag 22, 2014 3:39:54 PM org.apache.catalina.core.StandardEngine startInternal
Informazioni: Starting Servlet Engine: Apache Tomcat/7.0.30
mag 22, 2014 3:39:54 PM org.apache.catalina.startup.HostConfig deployDirectory
Informazioni: Deploying web application directory /home/accounts/studenti/id224zzf/tomcat/webapps/corsostudi
mag 22, 2014 3:39:54 PM org.apache.catalina.startup.SetContextPropertiesRule begin
Avvertenza: [SetContextPropertiesRule]{Context} Setting property 'isInvokerEnabled' to 'true' did not find a matching property.
mag 22, 2014 3:39:56 PM org.apache.catalina.startup.HostConfig deployDirectory
Informazioni: Deploying web application directory /home/accounts/studenti/id224zzf/tomcat/webapps/hello
mag 22, 2014 3:39:56 PM org.apache.catalina.startup.SetContextPropertiesRule begin
Avvertenza: [SetContextPropertiesRule]{Context} Setting property 'isInvokerEnabled' to 'true' did not find a matching property.
mag 22, 2014 3:39:56 PM org.apache.catalina.startup.HostConfig deployDirectory
Informazioni: Deploying web application directory /home/accounts/studenti/id224zzf/tomcat/webapps/ROOT
mag 22, 2014 3:39:56 PM org.apache.catalina.startup.SetContextPropertiesRule begin
Avvertenza: [SetContextPropertiesRule]{Context} Setting property 'isInvokerEnabled' to 'true' did not find a matching property.
mag 22, 2014 3:39:57 PM org.apache.coyote.AbstractProtocol start
Informazioni: Starting ProtocolHandler ["http-bio-8080"]
mag 22, 2014 3:39:57 PM org.apache.coyote.AbstractProtocol start
Informazioni: Starting ProtocolHandler ["ajp-bio-8009"]
mag 22, 2014 3:39:57 PM org.apache.catalina.startup.Catalina start
Informazioni: Server startup in 2757 ms
mag 22, 2014 3:51:08 PM org.apache.catalina.core.StandardServer await
Informazioni: A valid shutdown command was received via the shutdown port. Stopping the Server instance.
mag 22, 2014 3:51:08 PM org.apache.coyote.AbstractProtocol pause
Informazioni: Pausing ProtocolHandler ["http-bio-8080"]
mag 22, 2014 3:51:08 PM org.apache.coyote.AbstractProtocol pause
Informazioni: Pausing ProtocolHandler ["ajp-bio-8009"]
mag 22, 2014 3:51:08 PM org.apache.catalina.core.StandardService stopInternal
Informazioni: Stopping service Catalina
mag 22, 2014 3:51:08 PM org.apache.catalina.loader.WebappClassLoader clearReferencesJdbc
Grave: The web application [/corsostudi] registered the JDBC driver [org.postgresql.Driver] but failed to unregister it when the web application was stopped. To prevent a memory leak, the JDBC Driver has been forcibly unregistered.
mag 22, 2014 3:51:08 PM org.apache.coyote.AbstractProtocol stop
Informazioni: Stopping ProtocolHandler ["http-bio-8080"]
mag 22, 2014 3:51:08 PM org.apache.coyote.AbstractProtocol stop
Informazioni: Stopping ProtocolHandler ["ajp-bio-8009"]
mag 22, 2014 3:51:08 PM org.apache.coyote.AbstractProtocol destroy
Informazioni: Destroying ProtocolHandler ["http-bio-8080"]
mag 22, 2014 3:51:08 PM org.apache.coyote.AbstractProtocol destroy
Informazioni: Destroying ProtocolHandler ["ajp-bio-8009"]
mag 22, 2014 3:51:10 PM org.apache.catalina.startup.Catalina initDirs
Grave: Cannot find specified temporary folder at /home/accounts/studenti/id224zzf/tomcat/temp
mag 22, 2014 3:51:11 PM org.apache.catalina.core.AprLifecycleListener init
Informazioni: The APR based Apache Tomcat Native library which allows optimal performance in production environments was not found on the java.library.path: /usr/java/packages/lib/amd64:/usr/lib64:/lib64:/lib:/usr/lib
mag 22, 2014 3:51:11 PM org.apache.tomcat.util.digester.SetPropertiesRule begin
Avvertenza: [SetPropertiesRule]{Server/Service/Engine/Host} Setting property 'xmlValidation' to 'false' did not find a matching property.
mag 22, 2014 3:51:11 PM org.apache.tomcat.util.digester.SetPropertiesRule begin
Avvertenza: [SetPropertiesRule]{Server/Service/Engine/Host} Setting property 'xmlNamespaceAware' to 'false' did not find a matching property.
mag 22, 2014 3:51:11 PM org.apache.coyote.AbstractProtocol init
Informazioni: Initializing ProtocolHandler ["http-bio-8080"]
mag 22, 2014 3:51:11 PM org.apache.coyote.AbstractProtocol init
Informazioni: Initializing ProtocolHandler ["ajp-bio-8009"]
mag 22, 2014 3:51:11 PM org.apache.catalina.startup.Catalina load
Informazioni: Initialization processed in 715 ms
mag 22, 2014 3:51:11 PM org.apache.catalina.core.StandardService startInternal
Informazioni: Starting service Catalina
mag 22, 2014 3:51:11 PM org.apache.catalina.core.StandardEngine startInternal
Informazioni: Starting Servlet Engine: Apache Tomcat/7.0.30
mag 22, 2014 3:51:11 PM org.apache.catalina.startup.HostConfig deployDirectory
Informazioni: Deploying web application directory /home/accounts/studenti/id224zzf/tomcat/webapps/corsostudi
mag 22, 2014 3:51:11 PM org.apache.catalina.startup.SetContextPropertiesRule begin
Avvertenza: [SetContextPropertiesRule]{Context} Setting property 'isInvokerEnabled' to 'true' did not find a matching property.
mag 22, 2014 3:51:12 PM org.apache.catalina.startup.HostConfig deployDirectory
Informazioni: Deploying web application directory /home/accounts/studenti/id224zzf/tomcat/webapps/hello
mag 22, 2014 3:51:12 PM org.apache.catalina.startup.SetContextPropertiesRule begin
Avvertenza: [SetContextPropertiesRule]{Context} Setting property 'isInvokerEnabled' to 'true' did not find a matching property.
mag 22, 2014 3:51:13 PM org.apache.catalina.startup.HostConfig deployDirectory
Informazioni: Deploying web application directory /home/accounts/studenti/id224zzf/tomcat/webapps/ROOT
mag 22, 2014 3:51:13 PM org.apache.catalina.startup.SetContextPropertiesRule begin
Avvertenza: [SetContextPropertiesRule]{Context} Setting property 'isInvokerEnabled' to 'true' did not find a matching property.
mag 22, 2014 3:51:13 PM org.apache.coyote.AbstractProtocol start
Informazioni: Starting ProtocolHandler ["http-bio-8080"]
mag 22, 2014 3:51:13 PM org.apache.coyote.AbstractProtocol start
Informazioni: Starting ProtocolHandler ["ajp-bio-8009"]
mag 22, 2014 3:51:13 PM org.apache.catalina.startup.Catalina start
Informazioni: Server startup in 2390 ms
mag 22, 2014 4:31:45 PM org.apache.catalina.core.StandardContext reload
Informazioni: Reloading Context with name [/corsostudi] has started
mag 22, 2014 4:31:45 PM org.apache.catalina.loader.WebappClassLoader clearReferencesJdbc
Grave: The web application [/corsostudi] registered the JDBC driver [org.postgresql.Driver] but failed to unregister it when the web application was stopped. To prevent a memory leak, the JDBC Driver has been forcibly unregistered.
mag 22, 2014 4:31:46 PM org.apache.catalina.core.StandardContext reload
Informazioni: Reloading Context with name [/corsostudi] is completed
mag 22, 2014 4:33:36 PM org.apache.catalina.core.StandardContext reload
Informazioni: Reloading Context with name [/corsostudi] has started
mag 22, 2014 4:33:36 PM org.apache.catalina.loader.WebappClassLoader clearReferencesJdbc
Grave: The web application [/corsostudi] registered the JDBC driver [org.postgresql.Driver] but failed to unregister it when the web application was stopped. To prevent a memory leak, the JDBC Driver has been forcibly unregistered.
mag 22, 2014 4:33:36 PM org.apache.catalina.core.StandardContext reload
Informazioni: Reloading Context with name [/corsostudi] is completed
