mag 23, 2014 8:41:06 AM org.apache.catalina.startup.Catalina initDirs
Grave: Cannot find specified temporary folder at /home/accounts/studenti/id224zzf/tomcat/temp
mag 23, 2014 8:41:06 AM org.apache.catalina.core.AprLifecycleListener init
Informazioni: The APR based Apache Tomcat Native library which allows optimal performance in production environments was not found on the java.library.path: /usr/java/packages/lib/amd64:/usr/lib64:/lib64:/lib:/usr/lib
mag 23, 2014 8:41:07 AM org.apache.tomcat.util.digester.SetPropertiesRule begin
Avvertenza: [SetPropertiesRule]{Server/Service/Engine/Host} Setting property 'xmlValidation' to 'false' did not find a matching property.
mag 23, 2014 8:41:07 AM org.apache.tomcat.util.digester.SetPropertiesRule begin
Avvertenza: [SetPropertiesRule]{Server/Service/Engine/Host} Setting property 'xmlNamespaceAware' to 'false' did not find a matching property.
mag 23, 2014 8:41:07 AM org.apache.coyote.AbstractProtocol init
Informazioni: Initializing ProtocolHandler ["http-bio-8080"]
mag 23, 2014 8:41:07 AM org.apache.coyote.AbstractProtocol init
Informazioni: Initializing ProtocolHandler ["ajp-bio-8009"]
mag 23, 2014 8:41:07 AM org.apache.catalina.startup.Catalina load
Informazioni: Initialization processed in 1483 ms
mag 23, 2014 8:41:07 AM org.apache.catalina.core.StandardService startInternal
Informazioni: Starting service Catalina
mag 23, 2014 8:41:07 AM org.apache.catalina.core.StandardEngine startInternal
Informazioni: Starting Servlet Engine: Apache Tomcat/7.0.30
mag 23, 2014 8:41:07 AM org.apache.catalina.startup.HostConfig deployDirectory
Informazioni: Deploying web application directory /home/accounts/studenti/id224zzf/tomcat/webapps/corsostudi
mag 23, 2014 8:41:07 AM org.apache.catalina.startup.SetContextPropertiesRule begin
Avvertenza: [SetContextPropertiesRule]{Context} Setting property 'isInvokerEnabled' to 'true' did not find a matching property.
mag 23, 2014 8:41:09 AM org.apache.catalina.startup.HostConfig deployDirectory
Informazioni: Deploying web application directory /home/accounts/studenti/id224zzf/tomcat/webapps/hello
mag 23, 2014 8:41:09 AM org.apache.catalina.startup.SetContextPropertiesRule begin
Avvertenza: [SetContextPropertiesRule]{Context} Setting property 'isInvokerEnabled' to 'true' did not find a matching property.
mag 23, 2014 8:41:09 AM org.apache.catalina.startup.HostConfig deployDirectory
Informazioni: Deploying web application directory /home/accounts/studenti/id224zzf/tomcat/webapps/ROOT
mag 23, 2014 8:41:09 AM org.apache.catalina.startup.SetContextPropertiesRule begin
Avvertenza: [SetContextPropertiesRule]{Context} Setting property 'isInvokerEnabled' to 'true' did not find a matching property.
mag 23, 2014 8:41:09 AM org.apache.coyote.AbstractProtocol start
Informazioni: Starting ProtocolHandler ["http-bio-8080"]
mag 23, 2014 8:41:09 AM org.apache.coyote.AbstractProtocol start
Informazioni: Starting ProtocolHandler ["ajp-bio-8009"]
mag 23, 2014 8:41:09 AM org.apache.catalina.startup.Catalina start
Informazioni: Server startup in 2377 ms
